<?xml version="1.0" encoding="utf-8"?><testsuites name="pytest tests"><testsuite name="pytest" errors="0" failures="0" skipped="13" tests="13" time="0.316" timestamp="2026-07-09T01:45:13.965012+00:00" hostname="agent-env-fe9455c5-aa6b-45bb-b553-166d05cbf97b"><testcase classname="tests.test_access_override_rbac.TestVendorBlockedOnFormCreation" name="test_vendor_admin_post_forms_403" time="0.247"><skipped type="pytest.skip" message="rate-limited on admin@example.com">/app/backend/tests/test_access_override_rbac.py:69: rate-limited on admin@example.com</skipped></testcase><testcase classname="tests.test_access_override_rbac.TestVendorBlockedOnFormCreation" name="test_vendor_admin_duplicate_forms_403" time="0.000"><skipped type="pytest.skip" message="rate-limited on admin@example.com">/app/backend/tests/test_access_override_rbac.py:77: rate-limited on admin@example.com</skipped></testcase><testcase classname="tests.test_access_override_rbac.TestVendorBlockedOnFormCreation" name="test_vendor_admin_pdf_upload_403" time="0.000"><skipped type="pytest.skip" message="rate-limited on admin@example.com">/app/backend/tests/test_access_override_rbac.py:90: rate-limited on admin@example.com</skipped></testcase><testcase classname="tests.test_access_override_rbac.TestVendorBlockedOnFormCreation" name="test_vendor_admin_pdf_duplicate_403" time="0.000"><skipped type="pytest.skip" message="rate-limited on admin@example.com">/app/backend/tests/test_access_override_rbac.py:107: rate-limited on admin@example.com</skipped></testcase><testcase classname="tests.test_access_override_rbac.TestAdminCanCreateForm" name="test_admin_can_post_forms" time="0.000"><skipped type="pytest.skip" message="rate-limited on admin@example.com">/app/backend/tests/test_access_override_rbac.py:138: rate-limited on admin@example.com</skipped></testcase><testcase classname="tests.test_access_override_rbac.TestAccessOverrideToggle" name="test_super_admin_toggle_persists" time="0.000"><skipped type="pytest.skip" message="rate-limited on admin@example.com">/app/backend/tests/test_access_override_rbac.py:158: rate-limited on admin@example.com</skipped></testcase><testcase classname="tests.test_access_override_rbac.TestAccessOverrideToggle" name="test_admin_cannot_toggle_override" time="0.000"><skipped type="pytest.skip" message="rate-limited on admin@example.com">/app/backend/tests/test_access_override_rbac.py:178: rate-limited on admin@example.com</skipped></testcase><testcase classname="tests.test_access_override_rbac.TestAccessOverrideToggle" name="test_vendor_admin_cannot_toggle_override" time="0.000"><skipped type="pytest.skip" message="rate-limited on admin@example.com">/app/backend/tests/test_access_override_rbac.py:187: rate-limited on admin@example.com</skipped></testcase><testcase classname="tests.test_access_override_rbac.TestOverrideGrantsFormCreate" name="test_grant_override_then_create_form" time="0.000"><skipped type="pytest.skip" message="rate-limited on admin@example.com">/app/backend/tests/test_access_override_rbac.py:200: rate-limited on admin@example.com</skipped></testcase><testcase classname="tests.test_access_override_rbac.TestAuthMenuOverride" name="test_menu_baseline_flags_for_vendor_admin" time="0.000"><skipped type="pytest.skip" message="rate-limited on admin@example.com">/app/backend/tests/test_access_override_rbac.py:229: rate-limited on admin@example.com</skipped></testcase><testcase classname="tests.test_access_override_rbac.TestAuthMenuOverride" name="test_menu_flags_flip_with_override" time="0.000"><skipped type="pytest.skip" message="rate-limited on admin@example.com">/app/backend/tests/test_access_override_rbac.py:239: rate-limited on admin@example.com</skipped></testcase><testcase classname="tests.test_access_override_rbac.TestSharedSiteVisibility" name="test_vendor_admin_sees_bravo_via_assigned_vendor_ids" time="0.000"><skipped type="pytest.skip" message="rate-limited on admin@example.com">/app/backend/tests/test_access_override_rbac.py:265: rate-limited on admin@example.com</skipped></testcase><testcase classname="tests.test_access_override_rbac.TestFormEditRegressionVendor" name="test_vendor_admin_put_forms_403" time="0.000"><skipped type="pytest.skip" message="rate-limited on admin@example.com">/app/backend/tests/test_access_override_rbac.py:309: rate-limited on admin@example.com</skipped></testcase></testsuite></testsuites>