<?xml version="1.0" encoding="utf-8"?><testsuites name="pytest tests"><testsuite name="pytest" errors="0" failures="0" skipped="0" tests="24" time="14.060" timestamp="2026-07-24T05:25:19.720544+00:00" hostname="agent-env-fe9455c5-aa6b-45bb-b553-166d05cbf97b"><testcase classname="tests.test_backup_restore.TestBackupConfig" name="test_get_config_super" time="0.468" /><testcase classname="tests.test_backup_restore.TestBackupConfig" name="test_get_config_admin_forbidden" time="0.412" /><testcase classname="tests.test_backup_restore.TestBackupConfig" name="test_put_config_persists" time="0.197" /><testcase classname="tests.test_backup_restore.TestBackupConfig" name="test_put_config_clamps_out_of_range" time="0.193" /><testcase classname="tests.test_backup_restore.TestBackupConfig" name="test_put_config_admin_forbidden" time="0.094" /><testcase classname="tests.test_backup_restore.TestBackupCreate" name="test_create_snapshot_super" time="0.219" /><testcase classname="tests.test_backup_restore.TestBackupCreate" name="test_list_backups_super" time="0.106" /><testcase classname="tests.test_backup_restore.TestBackupCreate" name="test_list_backups_admin_forbidden" time="0.094" /><testcase classname="tests.test_backup_restore.TestBackupCreate" name="test_create_backup_admin_forbidden" time="0.095" /><testcase classname="tests.test_backup_restore.TestBackupDownload" name="test_download_snapshot_content" time="0.190" /><testcase classname="tests.test_backup_restore.TestBackupDownload" name="test_download_invalid_name" time="0.099" /><testcase classname="tests.test_backup_restore.TestBackupRestore" name="test_restore_recovers_marker" time="2.002" /><testcase classname="tests.test_backup_restore.TestRetentionPruning" name="test_prune_old_snapshots" time="0.364" /><testcase classname="tests.test_backup_restore.TestBackupDelete" name="test_delete_snapshot" time="0.316" /><testcase classname="tests.test_backup_restore.TestBackupDelete" name="test_delete_admin_forbidden" time="0.109" /><testcase classname="tests.test_backup_restore.TestEnvStorage" name="test_all_dirs_exist" time="0.000" /><testcase classname="tests.test_backup_restore.TestEnvStorage" name="test_auto_recreate_after_restart" time="7.876" /><testcase classname="tests.test_backup_restore.TestRegressionCore" name="test_login_super" time="0.355" /><testcase classname="tests.test_backup_restore.TestRegressionCore" name="test_dashboard_stats" time="0.111" /><testcase classname="tests.test_backup_restore.TestRegressionCore" name="test_sites" time="0.106" /><testcase classname="tests.test_backup_restore.TestRegressionCore" name="test_users" time="0.105" /><testcase classname="tests.test_backup_restore.TestRegressionPDF" name="test_pdf_templates_get" time="0.101" /><testcase classname="tests.test_backup_restore.TestRegressionPlantDocs" name="test_plant_docs_template" time="0.094" /><testcase classname="tests.test_backup_restore.TestRegressionPlantDocs" name="test_plant_folders_list" time="0.215" /></testsuite></testsuites>