<?xml version="1.0" encoding="utf-8"?><testsuites name="pytest tests"><testsuite name="pytest" errors="0" failures="0" skipped="0" tests="16" time="9.049" timestamp="2026-07-24T05:46:18.128126+00:00" hostname="agent-env-fe9455c5-aa6b-45bb-b553-166d05cbf97b"><testcase classname="tests.test_backup_iter10.TestLoopVarLeakFix" name="test_create_returns_real_filename" time="0.937" /><testcase classname="tests.test_backup_iter10.TestTarContents" name="test_toplevel_and_upload_subdirs" time="0.057" /><testcase classname="tests.test_backup_iter10.TestRestoreRoundTripDb" name="test_marker_doc_restored" time="2.511" /><testcase classname="tests.test_backup_iter10.TestRestoreRoundTripUploads" name="test_completed_marker_file_restored" time="2.504" /><testcase classname="tests.test_backup_iter10.TestRetention" name="test_prune_old" time="0.659" /><testcase classname="tests.test_backup_iter10.TestDelete" name="test_delete_removes_file" time="0.689" /><testcase classname="tests.test_backup_iter10.TestRBAC" name="test_admin_403_list" time="0.416" /><testcase classname="tests.test_backup_iter10.TestRBAC" name="test_admin_403_create" time="0.097" /><testcase classname="tests.test_backup_iter10.TestRBAC" name="test_admin_403_delete" time="0.104" /><testcase classname="tests.test_backup_iter10.TestRBAC" name="test_admin_403_restore" time="0.099" /><testcase classname="tests.test_backup_iter10.TestRBAC" name="test_admin_403_config_get" time="0.094" /><testcase classname="tests.test_backup_iter10.TestRBAC" name="test_admin_403_config_put" time="0.097" /><testcase classname="tests.test_backup_iter10.TestCoreRegression" name="test_login_super" time="0.325" /><testcase classname="tests.test_backup_iter10.TestCoreRegression" name="test_dashboard_stats" time="0.108" /><testcase classname="tests.test_backup_iter10.TestCoreRegression" name="test_users" time="0.101" /><testcase classname="tests.test_backup_iter10.TestCoreRegression" name="test_sites" time="0.098" /></testsuite></testsuites>