<?xml version="1.0" encoding="utf-8"?><testsuites name="pytest tests"><testsuite name="pytest" errors="0" failures="0" skipped="1" tests="1" time="0.613" timestamp="2026-07-09T01:44:12.697063+00:00" hostname="agent-env-fe9455c5-aa6b-45bb-b553-166d05cbf97b"><testcase classname="tests.test_access_override_rbac.TestOverrideGrantsFormCreate" name="test_grant_override_then_create_form" time="0.222"><skipped type="pytest.skip" message="rate-limited on admin@example.com">/app/backend/tests/test_access_override_rbac.py:200: rate-limited on admin@example.com</skipped></testcase></testsuite></testsuites>