<?xml version="1.0" encoding="utf-8"?><testsuites name="pytest tests"><testsuite name="pytest" errors="0" failures="3" skipped="0" tests="26" time="5.904" timestamp="2026-07-07T07:42:55.161021+00:00" hostname="agent-env-fe9455c5-aa6b-45bb-b553-166d05cbf97b"><testcase classname="tests.test_iter4c_plants_regions_ws_users.TestUsersListScope" name="test_super_admin_sees_all" time="0.674" /><testcase classname="tests.test_iter4c_plants_regions_ws_users.TestRegionsAndClusterManagers" name="test_regions_super_admin_sees_all" time="1.021" /><testcase classname="tests.test_iter4c_plants_regions_ws_users.TestUsersListScope" name="test_admin_hides_super_admin" time="0.669" /><testcase classname="tests.test_iter4c_plants_regions_ws_users.TestRegionsAndClusterManagers" name="test_regions_south_admin_only_south" time="0.679" /><testcase classname="tests.test_iter4c_plants_regions_ws_users.TestUsersListScope" name="test_vendor_admin_only_own_vendor" time="0.453" /><testcase classname="tests.test_iter4c_plants_regions_ws_users.TestRegionsAndClusterManagers" name="test_regions_vendor_user" time="0.578" /><testcase classname="tests.test_iter4c_plants_regions_ws_users.TestUsersListScope" name="test_vendor_user_only_self" time="0.577"><failure message="AssertionError: {&quot;detail&quot;:&quot;Forbidden&quot;}&#10;assert 403 == 200&#10; +  where 403 = &lt;Response [403]&gt;.status_code">tests/test_iter4c_plants_regions_ws_users.py:201: in test_vendor_user_only_self
    assert r.status_code == 200, r.text
E   AssertionError: {"detail":"Forbidden"}
E   assert 403 == 200
E    +  where 403 = &lt;Response [403]&gt;.status_code</failure></testcase><testcase classname="tests.test_iter4c_plants_regions_ws_users.TestRegionsAndClusterManagers" name="test_cluster_managers_super_admin" time="0.106" /><testcase classname="tests.test_iter4c_plants_regions_ws_users.TestRegionsAndClusterManagers" name="test_cluster_managers_rls" time="0.095" /><testcase classname="tests.test_iter4c_plants_regions_ws_users.TestSitesByCode" name="test_super_admin_gets_alpha" time="0.342" /><testcase classname="tests.test_iter4c_plants_regions_ws_users.TestUserPatchDeleteGuards" name="test_admin_can_patch_non_super" time="0.500" /><testcase classname="tests.test_iter4c_plants_regions_ws_users.TestSitesByCode" name="test_vendor_user_out_of_scope_returns_404" time="0.345" /><testcase classname="tests.test_iter4c_plants_regions_ws_users.TestUserPatchDeleteGuards" name="test_admin_cannot_patch_super_admin" time="0.099" /><testcase classname="tests.test_iter4c_plants_regions_ws_users.TestUserPatchDeleteGuards" name="test_admin_cannot_delete_super_admin" time="0.098" /><testcase classname="tests.test_iter4c_plants_regions_ws_users.TestUserPatchDeleteGuards" name="test_vendor_admin_out_of_scope_patch" time="0.205" /><testcase classname="tests.test_iter4c_plants_regions_ws_users.TestSitesByCode" name="test_unknown_code_404" time="0.102" /><testcase classname="tests.test_iter4c_plants_regions_ws_users.TestUserCreate" name="test_create_admin_without_password_returns_temp" time="0.334"><failure message="AssertionError: email_status='skipped_no_smtp'&#10;assert 'skipped_no_smtp' in ('sent', 'skipped', 'failed')">tests/test_iter4c_plants_regions_ws_users.py:226: in test_create_admin_without_password_returns_temp
    assert data["email_status"] in ("sent", "skipped", "failed"), f"email_status={data.get('email_status')!r}"
E   AssertionError: email_status='skipped_no_smtp'
E   assert 'skipped_no_smtp' in ('sent', 'skipped', 'failed')</failure></testcase><testcase classname="tests.test_iter4c_plants_regions_ws_users.TestWebSocketNotifications" name="test_hello_and_realtime_push" time="1.831" /><testcase classname="tests.test_iter4c_plants_regions_ws_users.TestUserCreate" name="test_create_with_password_omits_temp_when_sent" time="0.333" /><testcase classname="tests.test_iter4c_plants_regions_ws_users.TestUserCreate" name="test_cleanup" time="0.097" /><testcase classname="tests.test_iter4c_plants_regions_ws_users.TestRegionRls" name="test_south_admin_sites_all_south" time="0.093" /><testcase classname="tests.test_iter4c_plants_regions_ws_users.TestRegionRls" name="test_south_admin_forms_include_assigned_regions" time="0.315"><failure message="AssertionError: south.admin should see form assigned to South region&#10;assert 'form_fbc5a9570dd0' in []">tests/test_iter4c_plants_regions_ws_users.py:346: in test_south_admin_forms_include_assigned_regions
    assert fid in ids, f"south.admin should see form assigned to South region"
E   AssertionError: south.admin should see form assigned to South region
E   assert 'form_fbc5a9570dd0' in []</failure></testcase><testcase classname="tests.test_iter4c_plants_regions_ws_users.TestAuthMenu" name="test_super_menu_has_plants" time="0.109" /><testcase classname="tests.test_iter4c_plants_regions_ws_users.TestAuthMenu" name="test_admin_menu_has_plants_and_users" time="0.095" /><testcase classname="tests.test_iter4c_plants_regions_ws_users.TestWebSocketNotifications" name="test_bad_token_closes_4401" time="0.166" /><testcase classname="tests.test_iter4c_plants_regions_ws_users.TestWebSocketNotifications" name="test_missing_token_closes_4401" time="0.145" /></testsuite></testsuites>