<?xml version="1.0" encoding="utf-8"?><testsuites name="pytest tests"><testsuite name="pytest" errors="0" failures="1" skipped="2" tests="16" time="5.670" timestamp="2026-07-07T06:37:16.880033+00:00" hostname="agent-env-fe9455c5-aa6b-45bb-b553-166d05cbf97b"><testcase classname="tests.test_iter3_notifications_pdf_workflow.TestRegression" name="test_overview_groups_both_kinds" time="0.707" /><testcase classname="tests.test_iter3_notifications_pdf_workflow.TestFilledPdf" name="test_super_admin_downloads_ok" time="0.783" /><testcase classname="tests.test_iter3_notifications_pdf_workflow.TestRegression" name="test_forms_xlsx_export" time="0.284" /><testcase classname="tests.test_iter3_notifications_pdf_workflow.TestFilledPdf" name="test_404_for_bad_id" time="0.139" /><testcase classname="tests.test_iter3_notifications_pdf_workflow.TestRegression" name="test_pdf_forms_xlsx_export" time="0.392" /><testcase classname="tests.test_iter3_notifications_pdf_workflow.TestFilledPdf" name="test_vendor_user_forbidden_on_others_submission" time="0.445" /><testcase classname="tests.test_iter3_notifications_pdf_workflow.TestFilledPdf" name="test_vendor_user_gets_own_submission" time="0.098"><skipped type="pytest.skip" message="Vendor user has no submissions to test with">/app/backend/tests/test_iter3_notifications_pdf_workflow.py:196: Vendor user has no submissions to test with</skipped></testcase><testcase classname="tests.test_iter3_notifications_pdf_workflow.TestRegression" name="test_auth_menu_has_single_submissions" time="0.133" /><testcase classname="tests.test_iter3_notifications_pdf_workflow.TestNotifications" name="test_list_and_count" time="0.380" /><testcase classname="tests.test_iter3_notifications_pdf_workflow.TestFilledPdf" name="test_vendor_admin_can_download_teammates_submission" time="0.431"><skipped type="pytest.skip" message="Vendor user has no submissions">/app/backend/tests/test_iter3_notifications_pdf_workflow.py:210: Vendor user has no submissions</skipped></testcase><testcase classname="tests.test_iter3_notifications_pdf_workflow.TestNotifications" name="test_mark_read_and_read_all" time="0.293" /><testcase classname="tests.test_iter3_notifications_pdf_workflow.TestSitesApproverEmail" name="test_columns_include_approver_email" time="0.112" /><testcase classname="tests.test_iter3_notifications_pdf_workflow.TestSitesApproverEmail" name="test_sites_carry_approver_email" time="0.095"><failure message="AssertionError: Alpha Solar 50MW approver_email='rahul.verma@example.com', want 'approver.alpha@example.com'&#10;assert 'rahul.verma@example.com' == 'approver.alpha@example.com'&#10;  &#10;  - approver.alpha@example.com&#10;  + rahul.verma@example.com">backend/tests/test_iter3_notifications_pdf_workflow.py:135: in test_sites_carry_approver_email
    assert by_name[want].get("approver_email") == expected, \
E   AssertionError: Alpha Solar 50MW approver_email='rahul.verma@example.com', want 'approver.alpha@example.com'
E   assert 'rahul.verma@example.com' == 'approver.alpha@example.com'
E     
E     - approver.alpha@example.com
E     + rahul.verma@example.com</failure></testcase><testcase classname="tests.test_iter3_notifications_pdf_workflow.TestNotifications" name="test_patch_unknown_returns_404" time="0.138" /><testcase classname="tests.test_iter3_notifications_pdf_workflow.TestWorkflowAutoFromSite" name="test_auto_resolves_approver_and_creates_notification" time="2.614" /><testcase classname="tests.test_iter3_notifications_pdf_workflow.TestWorkflowAutoFromSite" name="test_cleanup" time="0.117" /></testsuite></testsuites>