<?xml version="1.0" encoding="utf-8"?><testsuites name="pytest tests"><testsuite name="pytest" errors="0" failures="3" skipped="0" tests="20" time="4.745" timestamp="2026-06-28T22:29:26.419890+00:00" hostname="agent-env-fe9455c5-aa6b-45bb-b553-166d05cbf97b"><testcase classname="tests.test_rbac_rls.TestSitesRLS" name="test_super_admin_sees_all" time="2.198" /><testcase classname="tests.test_rbac_rls.TestSitesRLS" name="test_cluster_manager_admin_sees_alpha_bravo" time="0.104" /><testcase classname="tests.test_rbac_rls.TestAuthMenu" name="test_super_admin_menu" time="2.323" /><testcase classname="tests.test_rbac_rls.TestSitesRLS" name="test_vendor_admin_sees_alpha_charlie" time="0.094" /><testcase classname="tests.test_rbac_rls.TestAuthMenu" name="test_admin_menu_no_users_smtp_settings" time="0.126" /><testcase classname="tests.test_rbac_rls.TestSitesRLS" name="test_vendor_user_sees_alpha_charlie" time="0.096" /><testcase classname="tests.test_rbac_rls.TestAuthMenu" name="test_vendor_admin_menu" time="0.104" /><testcase classname="tests.test_rbac_rls.TestLookupOptionsRLS" name="test_super_sees_3" time="0.139" /><testcase classname="tests.test_rbac_rls.TestAuthMenu" name="test_vendor_user_menu" time="0.098" /><testcase classname="tests.test_rbac_rls.TestLookupOptionsRLS" name="test_admin_sees_2" time="0.104" /><testcase classname="tests.test_rbac_rls.TestLookupResolveRLS" name="test_vendor_user_blocked_on_bravo" time="0.153" /><testcase classname="tests.test_rbac_rls.TestLookupOptionsRLS" name="test_vendor_user_sees_2" time="0.095" /><testcase classname="tests.test_rbac_rls.TestLookupResolveRLS" name="test_vendor_user_can_resolve_alpha" time="0.095" /><testcase classname="tests.test_rbac_rls.TestSubmissionsRLS" name="test_super_admin_sees_some_or_all" time="0.090" /><testcase classname="tests.test_rbac_rls.TestFormFilter" name="test_vendor_user_sees_only_assigned_form" time="0.590" /><testcase classname="tests.test_rbac_rls.TestSubmissionsRLS" name="test_vendor_user_only_own" time="0.280" /><testcase classname="tests.test_rbac_rls.TestMasterDataGuard" name="test_admin_cannot_create_site" time="0.091"><failure message="AssertionError: expected 403, got 200 {&quot;site_id&quot;:&quot;site_dd14490e342c&quot;,&quot;site_name&quot;:&quot;TEST_RBAC_Site&quot;,&quot;asset_id&quot;:&quot;TEST-9999&quot;,&quot;plant_name&quot;:&quot;TestPlant&quot;,&quot;ac_capacity&quot;:1.0,&quot;dc_capacity&quot;:1.0,&quot;vendor_email&quot;:&quot;ops@sunops.example.com&quot;,&quot;version&quot;:1,&quot;created_at&quot;:&quot;2026-06-28T22:29:30.226226+00:00&quot;,&quot;created_by&quot;:&quot;user_24d2e4157823&quot;,&quot;updated_at&quot;:&quot;2026-06-28T22:29:30.226235+00:00&quot;}&#10;assert 200 == 403&#10; +  where 200 = &lt;Response [200]&gt;.status_code">backend/tests/test_rbac_rls.py:278: in test_admin_cannot_create_site
    assert r.status_code == 403, f"expected 403, got {r.status_code} {r.text}"
E   AssertionError: expected 403, got 200 {"site_id":"site_dd14490e342c","site_name":"TEST_RBAC_Site","asset_id":"TEST-9999","plant_name":"TestPlant","ac_capacity":1.0,"dc_capacity":1.0,"vendor_email":"ops@sunops.example.com","version":1,"created_at":"2026-06-28T22:29:30.226226+00:00","created_by":"user_24d2e4157823","updated_at":"2026-06-28T22:29:30.226235+00:00"}
E   assert 200 == 403
E    +  where 200 = &lt;Response [200]&gt;.status_code</failure></testcase><testcase classname="tests.test_rbac_rls.TestMasterDataGuard" name="test_admin_cannot_patch_site" time="0.212"><failure message="AssertionError: expected 403, got 200 {&quot;site_id&quot;:&quot;site_833d47c2e4a7&quot;,&quot;site_name&quot;:&quot;Alpha Solar 50MW&quot;,&quot;site_code&quot;:&quot;ALPHA-50&quot;,&quot;asset_id&quot;:&quot;AST-1001&quot;,&quot;plant_name&quot;:&quot;Hacked&quot;,&quot;customer_name&quot;:&quot;Acme Power&quot;,&quot;state&quot;:&quot;Karnataka&quot;,&quot;district&quot;:&quot;Tumkur&quot;,&quot;l&#10;assert 200 == 403&#10; +  where 200 = &lt;Response [200]&gt;.status_code">backend/tests/test_rbac_rls.py:291: in test_admin_cannot_patch_site
    assert r.status_code == 403, f"expected 403, got {r.status_code} {r.text[:200]}"
E   AssertionError: expected 403, got 200 {"site_id":"site_833d47c2e4a7","site_name":"Alpha Solar 50MW","site_code":"ALPHA-50","asset_id":"AST-1001","plant_name":"Hacked","customer_name":"Acme Power","state":"Karnataka","district":"Tumkur","l
E   assert 200 == 403
E    +  where 200 = &lt;Response [200]&gt;.status_code</failure></testcase><testcase classname="tests.test_rbac_rls.TestFormFilter" name="test_vendor_user_cannot_edit_form" time="0.295" /><testcase classname="tests.test_rbac_rls.TestPdfFormParity" name="test_pdf_field_extra_allow_and_assignments" time="0.323"><failure message="AssertionError: PUT pdf-forms got 400: {&quot;detail&quot;:&quot;Invalid field type: text&quot;}&#10;assert 400 == 200&#10; +  where 400 = &lt;Response [400]&gt;.status_code">backend/tests/test_rbac_rls.py:340: in test_pdf_field_extra_allow_and_assignments
    assert up2.status_code == 200, f"PUT pdf-forms got {up2.status_code}: {up2.text[:400]}"
E   AssertionError: PUT pdf-forms got 400: {"detail":"Invalid field type: text"}
E   assert 400 == 200
E    +  where 400 = &lt;Response [400]&gt;.status_code</failure></testcase></testsuite></testsuites>