<?xml version="1.0" encoding="utf-8"?><testsuites name="pytest tests"><testsuite name="pytest" errors="0" failures="2" skipped="0" tests="38" time="6.018" timestamp="2026-06-28T22:33:36.234375+00:00" hostname="agent-env-fe9455c5-aa6b-45bb-b553-166d05cbf97b"><testcase classname="tests.test_formforge_features.TestFormula" name="test_validate_valid_double_brace" time="0.146" /><testcase classname="tests.test_formforge_features.TestFormula" name="test_validate_single_brace_should_work_per_request" time="0.224" /><testcase classname="tests.test_formforge_features.TestFormula" name="test_validate_broken" time="0.316" /><testcase classname="tests.test_formforge_features.TestFormula" name="test_evaluate_ratio" time="0.322" /><testcase classname="tests.test_formforge_features.TestFormula" name="test_evaluate_if_manager" time="0.103" /><testcase classname="tests.test_formforge_features.TestFormula" name="test_evaluate_if_vendor" time="0.239" /><testcase classname="tests.test_rbac_rls.TestAuthMenu" name="test_super_admin_menu" time="1.473" /><testcase classname="tests.test_formforge_features.TestFormula" name="test_functions_endpoint" time="0.097" /><testcase classname="tests.test_rbac_rls.TestAuthMenu" name="test_admin_menu_no_users_smtp_settings" time="0.303" /><testcase classname="tests.test_rbac_rls.TestAuthMenu" name="test_vendor_admin_menu" time="0.315" /><testcase classname="tests.test_rbac_rls.TestAuthMenu" name="test_vendor_user_menu" time="0.317" /><testcase classname="tests.test_rbac_rls.TestSitesRLS" name="test_super_admin_sees_all" time="1.525" /><testcase classname="tests.test_formforge_features.TestDataSource" name="test_manual" time="0.657" /><testcase classname="tests.test_rbac_rls.TestSitesRLS" name="test_cluster_manager_admin_sees_alpha_bravo" time="0.095" /><testcase classname="tests.test_formforge_features.TestDataSource" name="test_json" time="0.101" /><testcase classname="tests.test_rbac_rls.TestSitesRLS" name="test_vendor_admin_sees_alpha_charlie" time="0.099" /><testcase classname="tests.test_formforge_features.TestDataSource" name="test_csv" time="0.095" /><testcase classname="tests.test_rbac_rls.TestSitesRLS" name="test_vendor_user_sees_alpha_charlie" time="0.091" /><testcase classname="tests.test_rbac_rls.TestLookupOptionsRLS" name="test_super_sees_3" time="0.098" /><testcase classname="tests.test_formforge_features.TestDataSource" name="test_sites" time="0.095" /><testcase classname="tests.test_formforge_features.TestPublicForm" name="test_public_form_loads" time="0.102" /><testcase classname="tests.test_rbac_rls.TestLookupOptionsRLS" name="test_admin_sees_2" time="0.093" /><testcase classname="tests.test_rbac_rls.TestLookupOptionsRLS" name="test_vendor_user_sees_2" time="0.096" /><testcase classname="tests.test_formforge_features.TestPublicForm" name="test_public_lookup_resolves" time="0.093" /><testcase classname="tests.test_rbac_rls.TestLookupResolveRLS" name="test_vendor_user_blocked_on_bravo" time="0.099" /><testcase classname="tests.test_formforge_features.TestPublicForm" name="test_public_form_submit" time="0.095" /><testcase classname="tests.test_rbac_rls.TestLookupResolveRLS" name="test_vendor_user_can_resolve_alpha" time="0.099" /><testcase classname="tests.test_rbac_rls.TestSubmissionsRLS" name="test_super_admin_sees_some_or_all" time="0.109" /><testcase classname="tests.test_rbac_rls.TestFormFilter" name="test_vendor_user_sees_only_assigned_form" time="0.595" /><testcase classname="tests.test_rbac_rls.TestSubmissionsRLS" name="test_vendor_user_only_own" time="0.189" /><testcase classname="tests.test_rbac_rls.TestMasterDataGuard" name="test_admin_cannot_create_site" time="0.197"><failure message="AssertionError: expected 403, got 200 {&quot;site_id&quot;:&quot;site_6ded09c23d6b&quot;,&quot;site_name&quot;:&quot;TEST_RBAC_Site&quot;,&quot;asset_id&quot;:&quot;TEST-9999&quot;,&quot;plant_name&quot;:&quot;TestPlant&quot;,&quot;ac_capacity&quot;:1.0,&quot;dc_capacity&quot;:1.0,&quot;vendor_email&quot;:&quot;ops@sunops.example.com&quot;,&quot;version&quot;:1,&quot;created_at&quot;:&quot;2026-06-28T22:33:40.784442+00:00&quot;,&quot;created_by&quot;:&quot;user_24d2e4157823&quot;,&quot;updated_at&quot;:&quot;2026-06-28T22:33:40.784449+00:00&quot;}&#10;assert 200 == 403&#10; +  where 200 = &lt;Response [200]&gt;.status_code">E   AssertionError: expected 403, got 200 {"site_id":"site_6ded09c23d6b","site_name":"TEST_RBAC_Site","asset_id":"TEST-9999","plant_name":"TestPlant","ac_capacity":1.0,"dc_capacity":1.0,"vendor_email":"ops@sunops.example.com","version":1,"created_at":"2026-06-28T22:33:40.784442+00:00","created_by":"user_24d2e4157823","updated_at":"2026-06-28T22:33:40.784449+00:00"}
    assert 200 == 403
     +  where 200 = &lt;Response [200]&gt;.status_code</failure></testcase><testcase classname="tests.test_rbac_rls.TestMasterDataGuard" name="test_admin_cannot_patch_site" time="0.308"><failure message="AssertionError: expected 403, got 200 {&quot;site_id&quot;:&quot;site_833d47c2e4a7&quot;,&quot;site_name&quot;:&quot;Alpha Solar 50MW&quot;,&quot;site_code&quot;:&quot;ALPHA-50&quot;,&quot;asset_id&quot;:&quot;AST-1001&quot;,&quot;plant_name&quot;:&quot;__SHOULD_NOT_APPLY__&quot;,&quot;customer_name&quot;:&quot;Acme Power&quot;,&quot;state&quot;:&quot;Karnataka&quot;,&quot;distric&#10;assert 200 == 403&#10; +  where 200 = &lt;Response [200]&gt;.status_code">E   AssertionError: expected 403, got 200 {"site_id":"site_833d47c2e4a7","site_name":"Alpha Solar 50MW","site_code":"ALPHA-50","asset_id":"AST-1001","plant_name":"__SHOULD_NOT_APPLY__","customer_name":"Acme Power","state":"Karnataka","distric
    assert 200 == 403
     +  where 200 = &lt;Response [200]&gt;.status_code</failure></testcase><testcase classname="tests.test_rbac_rls.TestFormFilter" name="test_vendor_user_cannot_edit_form" time="0.310" /><testcase classname="tests.test_formforge_features.TestLookup" name="test_columns_sites" time="0.094" /><testcase classname="tests.test_formforge_features.TestLookup" name="test_resolve_alpha" time="0.095" /><testcase classname="tests.test_rbac_rls.TestPdfFormParity" name="test_pdf_field_extra_allow_and_assignments" time="0.784" /><testcase classname="tests.test_formforge_features.TestAuth" name="test_login_success" time="0.319" /><testcase classname="tests.test_formforge_features.TestAuth" name="test_login_invalid" time="0.349" /></testsuite></testsuites>