<?xml version="1.0" encoding="utf-8"?><testsuites name="pytest tests"><testsuite name="pytest" errors="0" failures="0" skipped="0" tests="31" time="7.493" timestamp="2026-07-24T05:07:12.148215+00:00" hostname="agent-env-fe9455c5-aa6b-45bb-b553-166d05cbf97b"><testcase classname="tests.test_plant_docs_and_filename.TestPlantDocTemplate" name="test_get_template_default" time="0.591" /><testcase classname="tests.test_plant_docs_and_filename.TestPlantDocTemplate" name="test_put_template_forbidden_for_admin" time="0.413" /><testcase classname="tests.test_plant_docs_and_filename.TestPlantDocTemplate" name="test_put_template_persists_for_super_admin" time="0.200" /><testcase classname="tests.test_plant_docs_and_filename.TestPlantDocTemplate" name="test_put_template_rejects_path_traversal" time="0.098" /><testcase classname="tests.test_plant_docs_and_filename.TestPlantDocTemplate" name="test_put_template_rejects_empty_name" time="0.097" /><testcase classname="tests.test_plant_docs_and_filename.TestPlantFolderProvisioning" name="test_auto_provision_on_first_list" time="0.198" /><testcase classname="tests.test_plant_docs_and_filename.TestPlantFolderProvisioning" name="test_admin_can_edit_folders" time="0.106" /><testcase classname="tests.test_plant_docs_and_filename.TestPlantFolderProvisioning" name="test_vendor_admin_readonly" time="0.421" /><testcase classname="tests.test_plant_docs_and_filename.TestCreateFolder" name="test_create_ok" time="0.098" /><testcase classname="tests.test_plant_docs_and_filename.TestCreateFolder" name="test_create_duplicate_400" time="0.099" /><testcase classname="tests.test_plant_docs_and_filename.TestCreateFolder" name="test_create_invalid_regex_400" time="0.104" /><testcase classname="tests.test_plant_docs_and_filename.TestFileUpload" name="test_upload_real_world_comma_space" time="0.199" /><testcase classname="tests.test_plant_docs_and_filename.TestFileUpload" name="test_upload_accented" time="0.207" /><testcase classname="tests.test_plant_docs_and_filename.TestFileUpload" name="test_upload_apostrophe" time="0.201" /><testcase classname="tests.test_plant_docs_and_filename.TestFileUpload" name="test_upload_duplicate_gets_suffix" time="0.331" /><testcase classname="tests.test_plant_docs_and_filename.TestVendorUserRBAC" name="test_vendor_user_can_list_folders" time="0.738" /><testcase classname="tests.test_plant_docs_and_filename.TestVendorUserRBAC" name="test_vendor_user_cannot_create_folder" time="0.104" /><testcase classname="tests.test_plant_docs_and_filename.TestVendorUserRBAC" name="test_vendor_user_cannot_upload" time="0.146" /><testcase classname="tests.test_plant_docs_and_filename.TestVendorUserRBAC" name="test_vendor_user_404_on_unassigned_plant" time="0.109" /><testcase classname="tests.test_plant_docs_and_filename.TestSiteBootstrap" name="test_new_site_provisions_folders_on_disk" time="0.112" /><testcase classname="tests.test_plant_docs_and_filename.TestFilenameTemplateField" name="test_put_form_persists_filename_template" time="0.403" /><testcase classname="tests.test_plant_docs_and_filename.TestFilenameTemplateField" name="test_patch_pdf_template_persists_filename_template" time="0.353" /><testcase classname="tests.test_plant_docs_and_filename.TestStandardFormDownload" name="test_download_uses_asset_and_submitter" time="0.299" /><testcase classname="tests.test_plant_docs_and_filename.TestStandardFormDownload" name="test_download_default_when_template_empty" time="0.310" /><testcase classname="tests.test_plant_docs_and_filename.TestFilenameEdgeCases" name="test_no_asset_id_collapses_underscores" time="0.322" /><testcase classname="tests.test_plant_docs_and_filename.TestFilenameEdgeCases" name="test_only_submission_id_placeholder" time="0.394" /><testcase classname="tests.test_plant_docs_and_filename.TestRegression" name="test_login_still_works" time="0.332" /><testcase classname="tests.test_plant_docs_and_filename.TestRegression" name="test_sites_endpoint" time="0.102" /><testcase classname="tests.test_plant_docs_and_filename.TestRegression" name="test_dashboard_stats" time="0.124" /><testcase classname="tests.test_plant_docs_and_filename.TestRegression" name="test_users_list" time="0.096" /><testcase classname="tests.test_plant_docs_and_filename.TestRegression" name="test_forms_list" time="0.108" /></testsuite></testsuites>