<?xml version="1.0" encoding="utf-8"?><testsuites name="pytest tests"><testsuite name="pytest" errors="0" failures="0" skipped="0" tests="11" time="19.068" timestamp="2026-07-20T14:51:48.790918+00:00" hostname="agent-env-fe9455c5-aa6b-45bb-b553-166d05cbf97b"><testcase classname="tests.test_seed_admin_bugfix.TestBaseline" name="test_super_admin_login_ok" time="0.606" /><testcase classname="tests.test_seed_admin_bugfix.TestAuthenticatedEndpointsAfterReseed" name="test_get_users_with_admin_token" time="0.614" /><testcase classname="tests.test_seed_admin_bugfix.TestBaseline" name="test_cluster_admin_login_ok" time="0.359" /><testcase classname="tests.test_seed_admin_bugfix.TestAuthenticatedEndpointsAfterReseed" name="test_get_sites_with_admin_token" time="0.353" /><testcase classname="tests.test_seed_admin_bugfix.TestBaseline" name="test_region_admin_login_ok" time="0.408" /><testcase classname="tests.test_seed_admin_bugfix.TestAuthenticatedEndpointsAfterReseed" name="test_auth_me_returns_super_admin" time="0.155" /><testcase classname="tests.test_seed_admin_bugfix.TestCorruptionRecovery" name="test_corrupt_admin_hash_then_restart_recovers_login" time="6.101" /><testcase classname="tests.test_seed_admin_bugfix.TestBaseline" name="test_wrong_password_401" time="0.138" /><testcase classname="tests.test_seed_admin_bugfix.TestBaseline" name="test_admin_hash_format_bcrypt" time="0.005" /><testcase classname="tests.test_seed_admin_bugfix.TestCorruptionRecovery" name="test_corrupt_demo_admin_hash_then_restart_recovers_login" time="5.447" /><testcase classname="tests.test_seed_admin_bugfix.TestReactivation" name="test_disabled_admin_reactivated_on_restart" time="5.908" /></testsuite></testsuites>