<?xml version="1.0" encoding="utf-8"?><testsuites name="pytest tests"><testsuite name="pytest" errors="0" failures="0" skipped="0" tests="18" time="2.335" timestamp="2026-06-28T21:59:08.416440+00:00" hostname="agent-env-fe9455c5-aa6b-45bb-b553-166d05cbf97b"><testcase classname="tests.test_formforge_features.TestFormula" name="test_validate_valid_double_brace" time="0.160" /><testcase classname="tests.test_formforge_features.TestFormula" name="test_validate_single_brace_should_work_per_request" time="0.227" /><testcase classname="tests.test_formforge_features.TestDataSource" name="test_manual" time="0.480" /><testcase classname="tests.test_formforge_features.TestFormula" name="test_validate_broken" time="0.136" /><testcase classname="tests.test_formforge_features.TestDataSource" name="test_json" time="0.106" /><testcase classname="tests.test_formforge_features.TestFormula" name="test_evaluate_ratio" time="0.129" /><testcase classname="tests.test_formforge_features.TestDataSource" name="test_csv" time="0.126" /><testcase classname="tests.test_formforge_features.TestFormula" name="test_evaluate_if_manager" time="0.098" /><testcase classname="tests.test_formforge_features.TestDataSource" name="test_sites" time="0.100" /><testcase classname="tests.test_formforge_features.TestFormula" name="test_evaluate_if_vendor" time="0.131" /><testcase classname="tests.test_formforge_features.TestPublicForm" name="test_public_form_loads" time="0.097" /><testcase classname="tests.test_formforge_features.TestFormula" name="test_functions_endpoint" time="0.101" /><testcase classname="tests.test_formforge_features.TestPublicForm" name="test_public_lookup_resolves" time="0.099" /><testcase classname="tests.test_formforge_features.TestAuth" name="test_login_success" time="0.321" /><testcase classname="tests.test_formforge_features.TestPublicForm" name="test_public_form_submit" time="0.297" /><testcase classname="tests.test_formforge_features.TestAuth" name="test_login_invalid" time="0.417" /><testcase classname="tests.test_formforge_features.TestLookup" name="test_columns_sites" time="0.108" /><testcase classname="tests.test_formforge_features.TestLookup" name="test_resolve_alpha" time="0.298" /></testsuite></testsuites>